<?xml version="1.0" encoding="UTF-8"?>
<!-- Generated by org.testng.reporters.JUnitReportReporter -->
<testsuite hostname="DESKTOP-5S708S4" failures="0" tests="1" name="com.FlipkartTest" time="114.342" errors="0" timestamp="2022-10-08T13:47:33 IST" skipped="0">
  <testcase classname="com.FlipkartTest" name="flipkartPageLoad" time="114.342"/>
  <system-out/>
</testsuite> <!-- com.FlipkartTest -->
